2015-12-02 15:19:02.034 We Are Curious[44858:2145791] Apache Cordova native platform version 3.9.2 is starting.
2015-12-02 15:19:02.038 We Are Curious[44858:2145791] Multi-tasking -> Device: YES, App: YES
2015-12-02 15:19:02.066 We Are Curious[44858:2145791] Unlimited access to network resources
2015-12-02 15:19:02.093 We Are Curious[44858:2145791] 

Started backup to iCloud! Please be careful.
Your application might be rejected by Apple if you store too much data.
For more information please read "iOS Data Storage Guidelines" at:
https://developer.apple.com/icloud/documentation/data-storage/
To disable web storage backup to iCloud, set the BackupWebStorage preference to "local" in the Cordova config.xml file

2015-12-02 15:19:02.662 We Are Curious[44858:2145791] [CDVTimer][statusbar] 245.537996ms
2015-12-02 15:19:02.740 We Are Curious[44858:2145791] [CDVTimer][socialsharing] 77.423990ms
2015-12-02 15:19:02.740 We Are Curious[44858:2145791] [CDVTimer][keyboard] 0.180006ms
2015-12-02 15:19:02.741 We Are Curious[44858:2145791] [CDVTimer][TotalPluginStartup] 323.713005ms
2015-12-02 15:19:02.755 We Are Curious[44858:2145791] active
2015-12-02 15:19:02.756 We Are Curious[44858:2145791] PushPlugin skip clear badge
2015-12-02 15:19:02.803 We Are Curious[44858:2145791] Resetting plugins due to page load.
2015-12-02 15:19:03.112 We Are Curious[44858:2145791] Finished load of: file:///Users/vishesh/Library/Developer/CoreSimulator/Devices/8A3418C4-3DFA-4189-9676-7D1313604A55/data/Containers/Bundle/Application/1B6073E4-6F20-412A-BF03-A2F95FF62BD6/We%20Are%20Curious.app/www/index.html
2015-12-02 15:19:04.085 We Are Curious[44858:2145905] Push Plugin register called
2015-12-02 15:19:04.085 We Are Curious[44858:2145905] PushPlugin.register: setting badge to true
2015-12-02 15:19:04.086 We Are Curious[44858:2145905] PushPlugin.register: clear badge is set to 1
2015-12-02 15:19:04.098 We Are Curious[44858:2145791] Push Plugin register failed
2015-12-02 15:19:14.347 We Are Curious[44858:2145791] THREAD WARNING: ['SpinnerDialog'] took '22.141113' ms. Plugin should use a background thread.
